2023-03-04 17:07:12.845  INFO 9924 --- [restartedMain] craftvillage.CraftVillageApplication     : Starting CraftVillageApplication on BaNhann with PID 9924 (D:\Studying\BaNhan\University\Backend_test\Backend\target\classes started by NHAN in D:\Studying\BaNhan\University\Backend_test)
2023-03-04 17:07:12.864  INFO 9924 --- [restartedMain] craftvillage.CraftVillageApplication     : No active profile set, falling back to default profiles: default
2023-03-04 17:07:13.061  INFO 9924 --- [restartedMain] o.s.b.devtools.restart.ChangeableUrls    : The Class-Path manifest attribute in C:\Users\NHAN\.m2\repository\org\glassfish\jaxb\jaxb-runtime\2.3.2\jaxb-runtime-2.3.2.jar referenced one or more files that do not exist: file:/C:/Users/NHAN/.m2/repository/org/glassfish/jaxb/jaxb-runtime/2.3.2/jakarta.xml.bind-api-2.3.2.jar,file:/C:/Users/NHAN/.m2/repository/org/glassfish/jaxb/jaxb-runtime/2.3.2/txw2-2.3.2.jar,file:/C:/Users/NHAN/.m2/repository/org/glassfish/jaxb/jaxb-runtime/2.3.2/istack-commons-runtime-3.0.8.jar,file:/C:/Users/NHAN/.m2/repository/org/glassfish/jaxb/jaxb-runtime/2.3.2/stax-ex-1.8.1.jar,file:/C:/Users/NHAN/.m2/repository/org/glassfish/jaxb/jaxb-runtime/2.3.2/FastInfoset-1.2.16.jar,file:/C:/Users/NHAN/.m2/repository/org/glassfish/jaxb/jaxb-runtime/2.3.2/jakarta.activation-api-1.2.1.jar
2023-03-04 17:07:13.068  INFO 9924 --- [restartedMain] .e.DevToolsPropertyDefaultsPostProcessor : Devtools property defaults active! Set 'spring.devtools.add-properties' to 'false' to disable
2023-03-04 17:07:13.069  INFO 9924 --- [restartedMain] .e.DevToolsPropertyDefaultsPostProcessor : For additional web related logging consider setting the 'logging.level.web' property to 'DEBUG'
2023-03-04 17:07:16.203  INFO 9924 --- [restartedMain] .s.d.r.c.RepositoryConfigurationDelegate : Bootstrapping Spring Data JPA repositories in DEFAULT mode.
2023-03-04 17:07:16.525  INFO 9924 --- [restartedMain] .s.d.r.c.RepositoryConfigurationDelegate : Finished Spring Data repository scanning in 291ms. Found 10 JPA repository interfaces.
2023-03-04 17:07:17.921  INFO 9924 --- [restartedMain] trationDelegate$BeanPostProcessorChecker : Bean 'org.springframework.transaction.annotation.ProxyTransactionManagementConfiguration' of type [org.springframework.transaction.annotation.ProxyTransactionManagementConfiguration] is not eligible for getting processed by all BeanPostProcessors (for example: not eligible for auto-proxying)
2023-03-04 17:07:19.684  INFO 9924 --- [restartedMain] o.s.b.w.embedded.tomcat.TomcatWebServer  : Tomcat initialized with port(s): 5000 (http)
2023-03-04 17:07:19.716  INFO 9924 --- [restartedMain] o.apache.catalina.core.StandardService   : Starting service [Tomcat]
2023-03-04 17:07:19.718  INFO 9924 --- [restartedMain] org.apache.catalina.core.StandardEngine  : Starting Servlet engine: [Apache Tomcat/9.0.30]
2023-03-04 17:07:20.040  INFO 9924 --- [restartedMain] o.a.c.c.C.[Tomcat].[localhost].[/]       : Initializing Spring embedded WebApplicationContext
2023-03-04 17:07:20.058  INFO 9924 --- [restartedMain] o.s.web.context.ContextLoader            : Root WebApplicationContext: initialization completed in 6986 ms
2023-03-04 17:07:20.299  WARN 9924 --- [restartedMain] JpaBaseConfiguration$JpaWebConfiguration : spring.jpa.open-in-view is enabled by default. Therefore, database queries may be performed during view rendering. Explicitly configure spring.jpa.open-in-view to disable this warning
2023-03-04 17:07:20.976  INFO 9924 --- [restartedMain] o.hibernate.jpa.internal.util.LogHelper  : HHH000204: Processing PersistenceUnitInfo [name: default]
2023-03-04 17:07:21.220  INFO 9924 --- [restartedMain] org.hibernate.Version                    : HHH000412: Hibernate Core {5.4.10.Final}
2023-03-04 17:07:21.729  INFO 9924 --- [restartedMain] o.hibernate.annotations.common.Version   : HCANN000001: Hibernate Commons Annotations {5.1.0.Final}
2023-03-04 17:07:22.164  INFO 9924 --- [restartedMain] com.zaxxer.hikari.HikariDataSource       : HikariPool-1 - Starting...
2023-03-04 17:07:23.204  INFO 9924 --- [restartedMain] com.zaxxer.hikari.HikariDataSource       : HikariPool-1 - Start completed.
2023-03-04 17:07:23.316  INFO 9924 --- [restartedMain] org.hibernate.dialect.Dialect            : HHH000400: Using dialect: org.hibernate.dialect.MySQL5Dialect
2023-03-04 17:07:27.006  INFO 9924 --- [restartedMain] o.h.e.t.j.p.i.JtaPlatformInitiator       : HHH000490: Using JtaPlatform implementation: [org.hibernate.engine.transaction.jta.platform.internal.NoJtaPlatform]
2023-03-04 17:07:27.023  INFO 9924 --- [restartedMain] j.LocalContainerEntityManagerFactoryBean : Initialized JPA EntityManagerFactory for persistence unit 'default'
2023-03-04 17:07:29.032  INFO 9924 --- [restartedMain] o.s.b.d.a.OptionalLiveReloadServer       : LiveReload server is running on port 35729
2023-03-04 17:07:30.255  INFO 9924 --- [restartedMain] o.s.s.web.DefaultSecurityFilterChain     : Creating filter chain: Ant [pattern='/swagger-ui/**'], []
2023-03-04 17:07:30.259  INFO 9924 --- [restartedMain] o.s.s.web.DefaultSecurityFilterChain     : Creating filter chain: Ant [pattern='/swagger.json'], []
2023-03-04 17:07:30.264  INFO 9924 --- [restartedMain] o.s.s.web.DefaultSecurityFilterChain     : Creating filter chain: Ant [pattern='/swagger-ui.html'], []
2023-03-04 17:07:30.291  INFO 9924 --- [restartedMain] o.s.s.web.DefaultSecurityFilterChain     : Creating filter chain: Ant [pattern='/swagger-resources/**'], []
2023-03-04 17:07:30.303  INFO 9924 --- [restartedMain] o.s.s.web.DefaultSecurityFilterChain     : Creating filter chain: Ant [pattern='/webjars/**'], []
2023-03-04 17:07:30.306  INFO 9924 --- [restartedMain] o.s.s.web.DefaultSecurityFilterChain     : Creating filter chain: Ant [pattern='/v2/api-docs/**'], []
2023-03-04 17:07:30.409  INFO 9924 --- [restartedMain] o.s.s.web.DefaultSecurityFilterChain     : Creating filter chain: any request, [org.springframework.security.web.context.request.async.WebAsyncManagerIntegrationFilter@7cf9fff0, org.springframework.security.web.context.SecurityContextPersistenceFilter@1160b68b, org.springframework.security.web.header.HeaderWriterFilter@78ed29e8, org.springframework.web.filter.CorsFilter@127fb294, org.springframework.security.web.csrf.CsrfFilter@1b38bfa, org.springframework.security.web.authentication.logout.LogoutFilter@4304d126, craftvillage.corelayer.config.JwtRequestFilter@169e1108, org.springframework.security.web.savedrequest.RequestCacheAwareFilter@3f5d2431, org.springframework.security.web.servletapi.SecurityContextHolderAwareRequestFilter@7a4b739a, org.springframework.security.web.authentication.AnonymousAuthenticationFilter@762cd989, org.springframework.security.web.session.SessionManagementFilter@22ba3619, org.springframework.security.web.access.ExceptionTranslationFilter@77086fe8, org.springframework.security.web.access.intercept.FilterSecurityInterceptor@57c64f6]
2023-03-04 17:07:30.428  INFO 9924 --- [restartedMain] o.s.s.web.DefaultSecurityFilterChain     : Creating filter chain: any request, [org.springframework.security.web.context.request.async.WebAsyncManagerIntegrationFilter@f02b3eb, org.springframework.security.web.context.SecurityContextPersistenceFilter@3ff28b8b, org.springframework.security.web.header.HeaderWriterFilter@64900531, org.springframework.security.web.csrf.CsrfFilter@51c12ad5, org.springframework.security.web.authentication.logout.LogoutFilter@12bda314, org.springframework.security.web.authentication.UsernamePasswordAuthenticationFilter@73215467, org.springframework.security.web.authentication.ui.DefaultLoginPageGeneratingFilter@344dab74, org.springframework.security.web.authentication.ui.DefaultLogoutPageGeneratingFilter@3afd3e08, org.springframework.security.web.authentication.www.BasicAuthenticationFilter@541fe920, org.springframework.security.web.savedrequest.RequestCacheAwareFilter@5b37f522, org.springframework.security.web.servletapi.SecurityContextHolderAwareRequestFilter@3f6adaf8, org.springframework.security.web.authentication.AnonymousAuthenticationFilter@69c724be, org.springframework.security.web.session.SessionManagementFilter@673d823b, org.springframework.security.web.access.ExceptionTranslationFilter@4d25309f, org.springframework.security.web.access.intercept.FilterSecurityInterceptor@22e8af75]
2023-03-04 17:07:30.558  INFO 9924 --- [restartedMain] pertySourcedRequestMappingHandlerMapping : Mapped URL path [/v2/api-docs] onto method [springfox.documentation.swagger2.web.Swagger2Controller#getDocumentation(String, HttpServletRequest)]
2023-03-04 17:07:30.783  INFO 9924 --- [restartedMain] o.s.s.concurrent.ThreadPoolTaskExecutor  : Initializing ExecutorService 'applicationTaskExecutor'
2023-03-04 17:07:30.880  INFO 9924 --- [restartedMain] o.s.b.a.w.s.WelcomePageHandlerMapping    : Adding welcome page template: index
2023-03-04 17:07:32.509  INFO 9924 --- [restartedMain] d.s.w.p.DocumentationPluginsBootstrapper : Context refreshed
2023-03-04 17:07:32.554  INFO 9924 --- [restartedMain] d.s.w.p.DocumentationPluginsBootstrapper : Found 1 custom documentation plugin(s)
2023-03-04 17:07:32.639  INFO 9924 --- [restartedMain] s.d.s.w.s.ApiListingReferenceScanner     : Scanning for api listing references
2023-03-04 17:07:33.101  INFO 9924 --- [restartedMain] .d.s.w.r.o.CachingOperationNameGenerator : Generating unique operation named: newVillageUsingPOST_1
2023-03-04 17:07:33.421  INFO 9924 --- [restartedMain] .d.s.w.r.o.CachingOperationNameGenerator : Generating unique operation named: newVillageUsingPOST_2
2023-03-04 17:07:33.645  INFO 9924 --- [restartedMain] o.s.b.w.embedded.tomcat.TomcatWebServer  : Tomcat started on port(s): 5000 (http) with context path ''
2023-03-04 17:07:33.650  INFO 9924 --- [restartedMain] craftvillage.CraftVillageApplication     : Started CraftVillageApplication in 21.791 seconds (JVM running for 22.995)
2023-03-04 17:07:42.687  INFO 9924 --- [http-nio-5000-exec-10] o.a.c.c.C.[Tomcat].[localhost].[/]       : Initializing Spring DispatcherServlet 'dispatcherServlet'
2023-03-04 17:07:42.705  INFO 9924 --- [http-nio-5000-exec-10] o.s.web.servlet.DispatcherServlet        : Initializing Servlet 'dispatcherServlet'
2023-03-04 17:07:42.756  INFO 9924 --- [http-nio-5000-exec-10] o.s.web.servlet.DispatcherServlet        : Completed initialization in 41 ms
2023-03-04 17:08:44.233  INFO 9924 --- [SpringContextShutdownHook] o.s.s.concurrent.ThreadPoolTaskExecutor  : Shutting down ExecutorService 'applicationTaskExecutor'
2023-03-04 17:08:44.241  INFO 9924 --- [SpringContextShutdownHook] j.LocalContainerEntityManagerFactoryBean : Closing JPA EntityManagerFactory for persistence unit 'default'
2023-03-04 17:08:44.253  INFO 9924 --- [SpringContextShutdownHook] com.zaxxer.hikari.HikariDataSource       : HikariPool-1 - Shutdown initiated...
2023-03-04 17:08:44.343  INFO 9924 --- [SpringContextShutdownHook] com.zaxxer.hikari.HikariDataSource       : HikariPool-1 - Shutdown completed.
